#
# There is insufficient memory for the Java Runtime Environment to continue.
# Native memory allocation (malloc) failed to allocate 192656 bytes for Chunk::new
# Possible reasons:
#   The system is out of physical RAM or swap space
#   In 32 bit mode, the process size limit was hit
# Possible solutions:
#   Reduce memory load on the system
#   Increase physical memory or swap space
#   Check if swap backing store is full
#   Use 64 bit Java on a 64 bit OS
#   Decrease Java heap size (-Xmx/-Xms)
#   Decrease number of Java threads
#   Decrease Java thread stack sizes (-Xss)
#   Set larger code cache with -XX:ReservedCodeCacheSize=
# This output file may be truncated or incomplete.
#
#  Out of Memory Error (allocation.cpp:390), pid=45532, tid=0x0000000000005f68
#
# JRE version: Java(TM) SE Runtime Environment (8.0_101-b13) (build 1.8.0_101-b13)
# Java VM: Java HotSpot(TM) 64-Bit Server VM (25.101-b13 mixed mode windows-amd64 compressed oops)
# Failed to write core dump. Minidumps are not enabled by default on client versions of Windows
#

---------------  T H R E A D  ---------------

Current thread (0x000000001765b800):  JavaThread "C2 CompilerThread0" daemon [_thread_in_native, id=24424, stack(0x0000000018f60000,0x0000000019060000)]

Stack: [0x0000000018f60000,0x0000000019060000]
[error occurred during error reporting (printing stack bounds), id 0xc0000005]

Native frames: (J=compiled Java code, j=interpreted, Vv=VM code, C=native code)


Current CompileTask:
C2:    900  504       4       java.io.InputStreamReader::read (11 bytes)


---------------  P R O C E S S  ---------------

Java Threads: ( => current thread )
  0x00000000189e3800 JavaThread "Service Thread" daemon [_thread_blocked, id=31788, stack(0x0000000019260000,0x0000000019360000)]
  0x000000001896b800 JavaThread "C1 CompilerThread2" daemon [_thread_blocked, id=12644, stack(0x0000000019160000,0x0000000019260000)]
  0x000000001765e000 JavaThread "C2 CompilerThread1" daemon [_thread_in_native, id=24248, stack(0x0000000019060000,0x0000000019160000)]
=>0x000000001765b800 JavaThread "C2 CompilerThread0" daemon [_thread_in_native, id=24424, stack(0x0000000018f60000,0x0000000019060000)]
  0x00000000175f6800 JavaThread "Attach Listener" daemon [_thread_blocked, id=28984, stack(0x0000000018e60000,0x0000000018f60000)]
  0x0000000017614000 JavaThread "Signal Dispatcher" daemon [_thread_blocked, id=21980, stack(0x0000000018d60000,0x0000000018e60000)]
  0x00000000175e8800 JavaThread "Finalizer" daemon [_thread_blocked, id=37816, stack(0x0000000018860000,0x0000000018960000)]
  0x0000000002ab1000 JavaThread "Reference Handler" daemon [_thread_blocked, id=43548, stack(0x0000000018760000,0x0000000018860000)]
  0x00000000029c0800 JavaThread "main" [_thread_in_Java, id=32444, stack(0x00000000027c0000,0x00000000028c0000)]

Other Threads:
  0x00000000175c7000 VMThread [stack: 0x0000000018660000,0x0000000018760000] [id=5152]
  0x0000000018a34000 WatcherThread [stack: 0x0000000019360000,0x0000000019460000] [id=31008]

VM state:not at safepoint (normal execution)

VM Mutex/Monitor currently owned by a thread: None

Heap:
 PSYoungGen      total 38400K, used 23469K [0x00000000d5e00000, 0x00000000d8880000, 0x0000000100000000)
  eden space 33280K, 70% used [0x00000000d5e00000,0x00000000d74eb7e8,0x00000000d7e80000)
  from space 5120K, 0% used [0x00000000d8380000,0x00000000d8380000,0x00000000d8880000)
  to   space 5120K, 0% used [0x00000000d7e80000,0x00000000d7e80000,0x00000000d8380000)
 ParOldGen       total 87552K, used 0K [0x0000000081a00000, 0x0000000086f80000, 0x00000000d5e00000)
  object space 87552K, 0% used [0x0000000081a00000,0x0000000081a00000,0x0000000086f80000)
 Metaspace       used 7624K, capacity 7848K, committed 7936K, reserved 1056768K
  class space    used 940K, capacity 1020K, committed 1024K, reserved 1048576K

Card table byte_map: [0x0000000011e80000,0x0000000012280000] byte_map_base: 0x0000000011a73000

Marking Bits: (ParMarkBitMap*) 0x0000000069daa6d0
 Begin Bits: [0x0000000012930000, 0x00000000148c8000)
 End Bits:   [0x00000000148c8000, 0x0000000016860000)

Polling page: 0x0000000002390000

CodeCache: size=245760Kb used=2475Kb max_used=2475Kb free=243284Kb
 bounds [0x0000000002ac0000, 0x0000000002d30000, 0x0000000011ac0000]
 total_blobs=812 nmethods=524 adapters=201
 compilation: enabled

Compilation events (10 events):
Event: 0.856 Thread 0x000000001896b800  513       3       org.codehaus.plexus.util.xml.pull.MXParser::parseEndTag (444 bytes)
Event: 0.858 Thread 0x000000001896b800 nmethod 513 0x0000000002d1e550 code [0x0000000002d1eb00, 0x0000000002d21f88]
Event: 0.858 Thread 0x000000001896b800  512       3       org.codehaus.plexus.util.xml.pull.MXParser::isNameStartChar (63 bytes)
Event: 0.859 Thread 0x000000001896b800 nmethod 512 0x0000000002d10390 code [0x0000000002d10500, 0x0000000002d10890]
Event: 0.859 Thread 0x000000001896b800  508       3       org.codehaus.plexus.util.xml.pull.MXParser::newString (11 bytes)
Event: 0.859 Thread 0x000000001896b800 nmethod 508 0x0000000002d0ff50 code [0x0000000002d100c0, 0x0000000002d102a8]
Event: 0.859 Thread 0x000000001896b800  510       1       org.codehaus.plexus.util.xml.pull.MXParser::getEventType (5 bytes)
Event: 0.859 Thread 0x000000001896b800 nmethod 510 0x0000000002d0fc90 code [0x0000000002d0fde0, 0x0000000002d0fef0]
Event: 0.859 Thread 0x000000001896b800  511       1       sun.nio.cs.UTF_8::historicalName (3 bytes)
Event: 0.859 Thread 0x000000001896b800 nmethod 511 0x0000000002d0f9d0 code [0x0000000002d0fb20, 0x0000000002d0fc30]

GC Heap History (0 events):
No events

Deoptimization events (1 events):
Event: 0.828 Thread 0x00000000029c0800 Uncommon trap: reason=unstable_if action=reinterpret pc=0x0000000002c579a4 method=org.codehaus.plexus.util.xml.pull.MXParser.more()C @ 8

Internal exceptions (10 events):
Event: 0.818 Thread 0x00000000029c0800 Exception <a 'java/lang/ArrayIndexOutOfBoundsException'> (0x00000000d6e97ae8) thrown at [C:\re\workspace\8-2-build-windows-amd64-cygwin\jdk8u101\7261\hotspot\src\share\vm\runtime\sharedRuntime.cpp, line 605]
Event: 0.818 Thread 0x00000000029c0800 Exception <a 'java/lang/ArrayIndexOutOfBoundsException'> (0x00000000d6e991d0) thrown at [C:\re\workspace\8-2-build-windows-amd64-cygwin\jdk8u101\7261\hotspot\src\share\vm\runtime\sharedRuntime.cpp, line 605]
Event: 0.819 Thread 0x00000000029c0800 Exception <a 'java/lang/ArrayIndexOutOfBoundsException'> (0x00000000d6e99ee8) thrown at [C:\re\workspace\8-2-build-windows-amd64-cygwin\jdk8u101\7261\hotspot\src\share\vm\runtime\sharedRuntime.cpp, line 605]
Event: 0.819 Thread 0x00000000029c0800 Exception <a 'java/lang/ArrayIndexOutOfBoundsException'> (0x00000000d6e9ad58) thrown at [C:\re\workspace\8-2-build-windows-amd64-cygwin\jdk8u101\7261\hotspot\src\share\vm\runtime\sharedRuntime.cpp, line 605]
Event: 0.819 Thread 0x00000000029c0800 Exception <a 'java/lang/ArrayIndexOutOfBoundsException'> (0x00000000d6e9c580) thrown at [C:\re\workspace\8-2-build-windows-amd64-cygwin\jdk8u101\7261\hotspot\src\share\vm\runtime\sharedRuntime.cpp, line 605]
Event: 0.819 Thread 0x00000000029c0800 Exception <a 'java/lang/ArrayIndexOutOfBoundsException'> (0x00000000d6e9d9c0) thrown at [C:\re\workspace\8-2-build-windows-amd64-cygwin\jdk8u101\7261\hotspot\src\share\vm\runtime\sharedRuntime.cpp, line 605]
Event: 0.819 Thread 0x00000000029c0800 Exception <a 'java/lang/ArrayIndexOutOfBoundsException'> (0x00000000d6e9f340) thrown at [C:\re\workspace\8-2-build-windows-amd64-cygwin\jdk8u101\7261\hotspot\src\share\vm\runtime\sharedRuntime.cpp, line 605]
Event: 0.819 Thread 0x00000000029c0800 Exception <a 'java/lang/ArrayIndexOutOfBoundsException'> (0x00000000d6ea0d98) thrown at [C:\re\workspace\8-2-build-windows-amd64-cygwin\jdk8u101\7261\hotspot\src\share\vm\runtime\sharedRuntime.cpp, line 605]
Event: 0.819 Thread 0x00000000029c0800 Exception <a 'java/lang/ArrayIndexOutOfBoundsException'> (0x00000000d6ea2ae8) thrown at [C:\re\workspace\8-2-build-windows-amd64-cygwin\jdk8u101\7261\hotspot\src\share\vm\runtime\sharedRuntime.cpp, line 605]
Event: 0.819 Thread 0x00000000029c0800 Exception <a 'java/lang/ArrayIndexOutOfBoundsException'> (0x00000000d6ea4040) thrown at [C:\re\workspace\8-2-build-windows-amd64-cygwin\jdk8u101\7261\hotspot\src\share\vm\runtime\sharedRuntime.cpp, line 605]

Events (10 events):
Event: 0.852 loading class org/apache/maven/artifact/repository/ArtifactRepositoryFactory
Event: 0.852 loading class org/apache/maven/artifact/repository/ArtifactRepositoryFactory done
Event: 0.853 loading class org/apache/maven/artifact/repository/layout/ArtifactRepositoryLayout
Event: 0.853 loading class org/apache/maven/artifact/repository/layout/ArtifactRepositoryLayout done
Event: 0.858 loading class org/apache/maven/artifact/repository/metadata/RepositoryMetadataManager
Event: 0.858 loading class org/apache/maven/artifact/repository/metadata/RepositoryMetadataManager done
Event: 0.859 loading class org/apache/maven/artifact/resolver/ArtifactCollector
Event: 0.859 loading class org/apache/maven/artifact/resolver/ArtifactCollector done
Event: 0.859 loading class org/apache/maven/repository/legacy/resolver/LegacyArtifactCollector
Event: 0.859 loading class org/apache/maven/repository/legacy/resolver/LegacyArtifactCollector done


Dynamic libraries:
0x00007ff6df740000 - 0x00007ff6df777000 	D:\Java\jdk1.8.0_101\bin\javaw.exe
0x00007ffab99d0000 - 0x00007ffab9ba2000 	C:\Windows\SYSTEM32\ntdll.dll
0x00007ffab90c0000 - 0x00007ffab916c000 	C:\Windows\System32\KERNEL32.DLL
0x00007ffab6940000 - 0x00007ffab6b5d000 	C:\Windows\System32\KERNELBASE.dll
0x00007ffab8fb0000 - 0x00007ffab9052000 	C:\Windows\System32\ADVAPI32.dll
0x00007ffab9330000 - 0x00007ffab93ce000 	C:\Windows\System32\msvcrt.dll
0x00007ffab9060000 - 0x00007ffab90b9000 	C:\Windows\System32\sechost.dll
0x00007ffab6f60000 - 0x00007ffab7081000 	C:\Windows\System32\RPCRT4.dll
0x00007ffab8dd0000 - 0x00007ffab8f35000 	C:\Windows\System32\USER32.dll
0x00007ffab6cc0000 - 0x00007ffab6cde000 	C:\Windows\System32\win32u.dll
0x00007ffab8d90000 - 0x00007ffab8dc4000 	C:\Windows\System32\GDI32.dll
0x00007ffab5ed0000 - 0x00007ffab6050000 	C:\Windows\System32\gdi32full.dll
0x00007ffaace40000 - 0x00007ffaad0ba000 	C:\Windows\WinSxS\amd64_microsoft.windows.common-controls_6595b64144ccf1df_6.0.14393.953_none_42151e83c686086b\COMCTL32.dll
0x00007ffab95c0000 - 0x00007ffab9888000 	C:\Windows\System32\combase.dll
0x00007ffab6b60000 - 0x00007ffab6c55000 	C:\Windows\System32\ucrtbase.dll
0x00007ffab6780000 - 0x00007ffab67ea000 	C:\Windows\System32\bcryptPrimitives.dll
0x00007ffab98a0000 - 0x00007ffab98ce000 	C:\Windows\System32\IMM32.DLL
0x0000000069e30000 - 0x0000000069f02000 	D:\Java\jdk1.8.0_101\jre\bin\msvcr100.dll
0x0000000069590000 - 0x0000000069e2a000 	D:\Java\jdk1.8.0_101\jre\bin\server\jvm.dll
0x00007ffab8d20000 - 0x00007ffab8d28000 	C:\Windows\System32\PSAPI.DLL
0x00007ffaa8f90000 - 0x00007ffaa8f99000 	C:\Windows\SYSTEM32\WSOCK32.dll
0x00007ffab8f40000 - 0x00007ffab8faa000 	C:\Windows\System32\WS2_32.dll
0x00007ffab4120000 - 0x00007ffab4143000 	C:\Windows\SYSTEM32\WINMM.dll
0x00007ffab3010000 - 0x00007ffab301a000 	C:\Windows\SYSTEM32\VERSION.dll
0x00007ffab40a0000 - 0x00007ffab40cb000 	C:\Windows\SYSTEM32\WINMMBASE.dll
0x00007ffab6730000 - 0x00007ffab6772000 	C:\Windows\System32\cfgmgr32.dll
0x0000000069580000 - 0x000000006958f000 	D:\Java\jdk1.8.0_101\jre\bin\verify.dll
0x0000000069550000 - 0x0000000069579000 	D:\Java\jdk1.8.0_101\jre\bin\java.dll
0x00000000694e0000 - 0x00000000694f6000 	D:\Java\jdk1.8.0_101\jre\bin\zip.dll
0x00007ffab7290000 - 0x00007ffab8799000 	C:\Windows\System32\SHELL32.dll
0x00007ffab6050000 - 0x00007ffab6729000 	C:\Windows\System32\windows.storage.dll
0x00007ffab5e80000 - 0x00007ffab5ecc000 	C:\Windows\System32\powrprof.dll
0x00007ffab92d0000 - 0x00007ffab9322000 	C:\Windows\System32\shlwapi.dll
0x00007ffab5e40000 - 0x00007ffab5e4f000 	C:\Windows\System32\kernel.appcore.dll
0x00007ffab6ce0000 - 0x00007ffab6d89000 	C:\Windows\System32\shcore.dll
0x00007ffab5e50000 - 0x00007ffab5e64000 	C:\Windows\System32\profapi.dll

VM Arguments:
jvm_args: -Dmaven.home=D:\apache-maven-3.3.9 -Dclassworlds.conf=F:\javaweb工作空间\.metadata\.plugins\org.eclipse.m2e.launching\launches\m2conf1389434102850044997.tmp -Dmaven.multiModuleProjectDirectory=F:\javaweb工作空间\e3-order -Dfile.encoding=UTF-8 
java_command: org.codehaus.plexus.classworlds.launcher.Launcher -B -s D:\apache-maven-3.3.9\conf\settings.xml install
java_class_path (initial): D:\apache-maven-3.3.9\boot\plexus-classworlds-2.5.2.jar
Launcher Type: SUN_STANDARD

Environment Variables:
JAVA_HOME=D:\Java\jdk1.8.0_101
CLASSPATH=.;D:\Java\jdk1.8.0_101\lib;D:\Java\jdk1.8.0_101\lib\dt.jar;D:\Java\jdk1.8.0_101\lib\tools.jar;
PATH=C:/Program Files (x86)/Java/jre1.8.0_171/bin/client;C:/Program Files (x86)/Java/jre1.8.0_171/bin;C:/Program Files (x86)/Java/jre1.8.0_171/lib/i386;D:\Oracle\product\11.2.0\dbhome_1\bin;C:\Program Files (x86)\Common Files\Oracle\Java\javapath;D:\Java\jdk1.8.0_101\bin;C:\ProgramData\Oracle\Java\javapath;C:\Windows\system32;C:\Windows;C:\Windows\System32\Wbem;D:\MySQL\MySQL Server 5.5\bin;D:\SVN\bin;D:\apache-maven-3.3.9\bin;D:\TortoiseSVN\bin;C:\Users\Administrator\AppData\Local\Microsoft\WindowsApps;;D:\sshSecure;D:\eclipse;
USERNAME=Administrator
OS=Windows_NT
PROCESSOR_IDENTIFIER=Intel64 Family 6 Model 60 Stepping 3, GenuineIntel



---------------  S Y S T E M  ---------------

OS: Windows 10.0 , 64 bit Build 14393 (10.0.14393.1198)

CPU:total 4 (2 cores per cpu, 2 threads per core) family 6 model 60 stepping 3, cmov, cx8, fxsr, mmx, sse, sse2, sse3, ssse3, sse4.1, sse4.2, popcnt, avx, avx2, aes, clmul, erms, lzcnt, ht, tsc, tscinvbit, bmi1, bmi2

Memory: 4k page, physical 8275008k(686848k free), swap 21382208k(4168k free)

vm_info: Java HotSpot(TM) 64-Bit Server VM (25.101-b13) for windows-amd64 JRE (1.8.0_101-b13), built on Jun 22 2016 01:21:29 by "java_re" with MS VC++ 10.0 (VS2010)

time: Sun Jan 27 10:51:56 2019
elapsed time: 0 seconds (0d 0h 0m 0s)

